<?xml version="1.0" encoding="UTF-8"?>
<testsuite xmlns:xsi="http://www.w3.org/2001/XMLSchema-instance" xsi:noNamespaceSchemaLocation="https://maven.apache.org/surefire/maven-surefire-plugin/xsd/surefire-test-report.xsd" name="com.training.jdbcdemo.DBConnectionTest" time="0.742" tests="2" errors="0" skipped="0" failures="0">
  <properties>
[...]
</properties>
  <testcase name="testConnectionIsOpen" classname="com.training.jdbcdemo.DBConnectionTest" time="0.741"/>
  <testcase name="testDBConnectioObjectCreated" classname="com.training.jdbcdemo.DBConnectionTest" time="0"/>
</testsuite>